<?xml version="1.0" encoding="UTF-8"?>
<testsuite xmlns:xsi="http://www.w3.org/2001/XMLSchema-instance" xsi:noNamespaceSchemaLocation="https://maven.apache.org/surefire/maven-surefire-plugin/xsd/surefire-test-report-3.0.xsd" version="3.0" name="com.example.bankcards.service.CardServiceIntegrationTest" time="8.139" tests="3" errors="0" skipped="0" failures="0">
  <properties>
[...]
</properties>
  <testcase name="getTotalBalance_IntegrationTest" classname="com.example.bankcards.service.CardServiceIntegrationTest" time="0.426">
    <system-out><![CDATA[2026-01-08T13:53:19.162+03:00  INFO 14468 --- [           main] t.c.s.AnnotationConfigContextLoaderUtils : Could not detect default configuration classes for test class [com.example.bankcards.service.CardServiceIntegrationTest]: CardServiceIntegrationTest does not declare any static, non-private, non-final, nested classes annotated with @Configuration.
2026-01-08T13:53:19.179+03:00  INFO 14468 --- [           main] .b.t.c.SpringBootTestContextBootstrapper : Found @SpringBootConfiguration com.example.bankcards.Application for test class com.example.bankcards.service.CardServiceIntegrationTest

  .   ____          _            __ _ _
 /\\ / ___'_ __ _ _(_)_ __  __ _ \ \ \ \
( ( )\___ | '_ | '_| | '_ \/ _` | \ \ \ \
 \\/  ___)| |_)| | | | | || (_| |  ) ) ) )
  '  |____| .__|_| |_|_| |_\__, | / / / /
 =========|_|==============|___/=/_/_/_/
 :: Spring Boot ::                (v3.1.5)

2026-01-08T13:53:19.234+03:00  INFO 14468 --- [           main] c.e.b.s.CardServiceIntegrationTest       : Starting CardServiceIntegrationTest using Java 17.0.13 with PID 14468 (started by Suveren in C:\Users\Suveren\IdeaProjects\Bank_REST)
2026-01-08T13:53:19.234+03:00 DEBUG 14468 --- [           main] c.e.b.s.CardServiceIntegrationTest       : Running with Spring Boot v3.1.5, Spring v6.0.13
2026-01-08T13:53:19.234+03:00  INFO 14468 --- [           main] c.e.b.s.CardServiceIntegrationTest       : The following 1 profile is active: "test"
2026-01-08T13:53:20.000+03:00  INFO 14468 --- [           main] .s.d.r.c.RepositoryConfigurationDelegate : Bootstrapping Spring Data JPA repositories in DEFAULT mode.
2026-01-08T13:53:20.159+03:00  INFO 14468 --- [           main] .s.d.r.c.RepositoryConfigurationDelegate : Finished Spring Data repository scanning in 130 ms. Found 4 JPA repository interfaces.
2026-01-08T13:53:20.659+03:00  INFO 14468 --- [           main] com.zaxxer.hikari.HikariDataSource       : HikariPool-1 - Starting...
2026-01-08T13:53:21.301+03:00  INFO 14468 --- [           main] com.zaxxer.hikari.pool.HikariPool        : HikariPool-1 - Added connection conn0: url=jdbc:h2:mem:testdb user=SA
2026-01-08T13:53:21.308+03:00  INFO 14468 --- [           main] com.zaxxer.hikari.HikariDataSource       : HikariPool-1 - Start completed.
2026-01-08T13:53:21.623+03:00  INFO 14468 --- [           main] o.hibernate.jpa.internal.util.LogHelper  : HHH000204: Processing PersistenceUnitInfo [name: default]
2026-01-08T13:53:21.810+03:00  INFO 14468 --- [           main] org.hibernate.Version                    : HHH000412: Hibernate ORM core version 6.2.13.Final
2026-01-08T13:53:21.815+03:00  INFO 14468 --- [           main] org.hibernate.cfg.Environment            : HHH000406: Using bytecode reflection optimizer
2026-01-08T13:53:22.165+03:00  INFO 14468 --- [           main] o.s.o.j.p.SpringPersistenceUnitInfo      : No LoadTimeWeaver setup: ignoring JPA class transformer
2026-01-08T13:53:22.283+03:00  WARN 14468 --- [           main] org.hibernate.dialect.Dialect            : HHH000511: The 2.1.0 version for [org.hibernate.dialect.PostgreSQLDialect] is no longer supported, hence certain features may not work properly. The minimum supported version is 10.0.0. Check the community dialects project for available legacy versions.
2026-01-08T13:53:22.292+03:00  WARN 14468 --- [           main] org.hibernate.orm.deprecation            : HHH90000025: PostgreSQLDialect does not need to be specified explicitly using 'hibernate.dialect' (remove the property setting and it will be selected by default)
2026-01-08T13:53:23.751+03:00  INFO 14468 --- [           main] o.h.e.t.j.p.i.JtaPlatformInitiator       : HHH000489: No JTA platform available (set 'hibernate.transaction.jta.platform' to enable JTA platform integration)
2026-01-08T13:53:23.853+03:00  INFO 14468 --- [           main] j.LocalContainerEntityManagerFactoryBean : Initialized JPA EntityManagerFactory for persistence unit 'default'
2026-01-08T13:53:24.776+03:00  INFO 14468 --- [           main] o.s.d.j.r.query.QueryEnhancerFactory     : Hibernate is in classpath; If applicable, HQL parser will be used.
2026-01-08T13:53:26.168+03:00  WARN 14468 --- [           main] JpaBaseConfiguration$JpaWebConfiguration : spring.jpa.open-in-view is enabled by default. Therefore, database queries may be performed during view rendering. Explicitly configure spring.jpa.open-in-view to disable this warning
2026-01-08T13:53:26.183+03:00  INFO 14468 --- [           main] c.e.bankcards.config.SecurityConfig      : Configuring security filter chain...
2026-01-08T13:53:26.203+03:00  INFO 14468 --- [           main] o.s.s.web.DefaultSecurityFilterChain     : Will secure any request with [org.springframework.security.web.session.DisableEncodeUrlFilter@367763bd, org.springframework.security.web.context.request.async.WebAsyncManagerIntegrationFilter@2ecfc766, org.springframework.security.web.context.SecurityContextHolderFilter@6f8ca63, org.springframework.security.web.header.HeaderWriterFilter@26b7a8a1, org.springframework.security.web.authentication.logout.LogoutFilter@19f02a07, com.example.bankcards.config.JwtAuthenticationFilter@cb1338f, org.springframework.security.web.savedrequest.RequestCacheAwareFilter@1d9188bd, org.springframework.security.web.servletapi.SecurityContextHolderAwareRequestFilter@588cb5fa, org.springframework.security.web.authentication.AnonymousAuthenticationFilter@ab1a5f6, org.springframework.security.web.session.SessionManagementFilter@3196000e, org.springframework.security.web.access.ExceptionTranslationFilter@df755da, org.springframework.security.web.access.intercept.AuthorizationFilter@352bca6d]
2026-01-08T13:53:26.778+03:00  INFO 14468 --- [           main] c.e.b.s.CardServiceIntegrationTest       : Started CardServiceIntegrationTest in 7.586 seconds (process running for 20.959)
2026-01-08T13:53:27.129+03:00 DEBUG 14468 --- [           main] c.e.bankcards.service.AuditService       : Audit log saved: CARD_CREATED - BankCard - 1
2026-01-08T13:53:27.143+03:00 DEBUG 14468 --- [           main] c.e.bankcards.service.AuditService       : Audit log saved: CARD_CREATED - BankCard - 2
2026-01-08T13:53:27.201+03:00 DEBUG 14468 --- [           main] c.e.bankcards.service.AuditService       : Audit log saved: BALANCE_CHECKED - null - null
]]></system-out>
  </testcase>
  <testcase name="transferBetweenCards_IntegrationTest" classname="com.example.bankcards.service.CardServiceIntegrationTest" time="0.06">
    <system-out><![CDATA[2026-01-08T13:53:27.224+03:00 DEBUG 14468 --- [           main] c.e.bankcards.service.AuditService       : Audit log saved: CARD_CREATED - BankCard - 3
2026-01-08T13:53:27.228+03:00 DEBUG 14468 --- [           main] c.e.bankcards.service.AuditService       : Audit log saved: CARD_CREATED - BankCard - 4
2026-01-08T13:53:27.267+03:00 DEBUG 14468 --- [           main] c.e.bankcards.service.AuditService       : Audit log saved: TRANSFER_COMPLETED - CardTransaction - 1
2026-01-08T13:53:27.268+03:00  INFO 14468 --- [           main] c.example.bankcards.service.CardService  : Transfer completed: from card 3 to card 4, amount: 200.00, user: 2
]]></system-out>
  </testcase>
  <testcase name="blockCardByAdmin_IntegrationTest" classname="com.example.bankcards.service.CardServiceIntegrationTest" time="0.026">
    <system-out><![CDATA[2026-01-08T13:53:27.288+03:00 DEBUG 14468 --- [           main] c.e.bankcards.service.AuditService       : Audit log saved: CARD_CREATED - BankCard - 5
2026-01-08T13:53:27.292+03:00 DEBUG 14468 --- [           main] c.e.bankcards.service.AuditService       : Audit log saved: CARD_CREATED - BankCard - 6
2026-01-08T13:53:27.296+03:00 DEBUG 14468 --- [           main] c.e.bankcards.service.AuditService       : Audit log saved: ADMIN_ACTION - BankCard - 5
]]></system-out>
  </testcase>
</testsuite>